<?xml version="1.0" encoding="UTF-8"?>
<!-- Generated by org.testng.reporters.JUnitXMLReporter -->
<testsuite hostname="DESKTOP-AE9M4KJ" ignored="0" name="Surefire test" tests="7" failures="0" timestamp="14 Aug 2019 08:03:14 GMT" time="0.026" errors="0">
  <testcase name="IOSApp" time="0.005" classname="qaclickacademy.AppiumTest"/>
  <testcase name="Mobileapp" time="0.0" classname="qaclickacademy.AppiumTest"/>
  <testcase name="NativeAPI" time="0.001" classname="qaclickacademy.AppiumTest"/>
  <testcase name="Deletetwitter" time="0.0" classname="qaclickacademy.RestAPITest"/>
  <testcase name="Postjira" time="0.001" classname="qaclickacademy.RestAPITest"/>
  <testcase name="BrowserExe" time="0.0" classname="qaclickacademy.SeleniumTest"/>
  <testcase name="ElementUI" time="0.0" classname="qaclickacademy.SeleniumTest"/>
</testsuite> <!-- Surefire test -->
