<?xml version="1.0" encoding="UTF-8"?>
<!-- Generated by org.testng.reporters.JUnitXMLReporter -->
<testsuite hostname="DESKTOP-AE9M4KJ" ignored="0" name="Test" tests="7" failures="0" timestamp="22 Aug 2019 22:50:12 GMT" time="0.028" errors="0">
  <testcase name="BrowserExe" time="0.006" classname="qaclickacademy.SeleniumTest"/>
  <testcase name="ElementUI" time="0.0" classname="qaclickacademy.SeleniumTest"/>
  <testcase name="Deletetwitter" time="0.0" classname="qaclickacademy.RestAPITest"/>
  <testcase name="Postjira" time="0.0" classname="qaclickacademy.RestAPITest"/>
  <testcase name="IOSApp" time="0.0" classname="qaclickacademy.AppiumTest"/>
  <testcase name="Mobileapp" time="0.0" classname="qaclickacademy.AppiumTest"/>
  <testcase name="NativeAPI" time="0.0" classname="qaclickacademy.AppiumTest"/>
</testsuite> <!-- Test -->
