<?xml version="1.0" encoding="UTF-8"?>
<testng-results skipped="0" failed="0" ignored="0" total="7" passed="7">
  <reporter-output>
  </reporter-output>
  <suite name="Suite" duration-ms="28" started-at="2019-08-22T22:50:12Z" finished-at="2019-08-22T22:50:12Z">
    <groups>
    </groups>
    <test name="Test" duration-ms="28" started-at="2019-08-22T22:50:12Z" finished-at="2019-08-22T22:50:12Z">
      <class name="qaclickacademy.AppiumTest">
        <test-method status="PASS" signature="IOSApp()[pri:0, instance:qaclickacademy.AppiumTest@26ba2a48]" name="IOSApp" duration-ms="0" started-at="2019-08-22T22:50:12Z" finished-at="2019-08-22T22:50:12Z">
          <reporter-output>
          </reporter-output>
        </test-method> <!-- IOSApp -->
        <test-method status="PASS" signature="NativeAPI()[pri:0, instance:qaclickacademy.AppiumTest@26ba2a48]" name="NativeAPI" duration-ms="0" started-at="2019-08-22T22:50:12Z" finished-at="2019-08-22T22:50:12Z">
          <reporter-output>
          </reporter-output>
        </test-method> <!-- NativeAPI -->
        <test-method status="PASS" signature="Mobileapp()[pri:0, instance:qaclickacademy.AppiumTest@26ba2a48]" name="Mobileapp" duration-ms="0" started-at="2019-08-22T22:50:12Z" finished-at="2019-08-22T22:50:12Z">
          <reporter-output>
          </reporter-output>
        </test-method> <!-- Mobileapp -->
      </class> <!-- qaclickacademy.AppiumTest -->
      <class name="qaclickacademy.RestAPITest">
        <test-method status="PASS" signature="Deletetwitter()[pri:0, instance:qaclickacademy.RestAPITest@42d3bd8b]" name="Deletetwitter" duration-ms="0" started-at="2019-08-22T22:50:12Z" finished-at="2019-08-22T22:50:12Z">
          <reporter-output>
          </reporter-output>
        </test-method> <!-- Deletetwitter -->
        <test-method status="PASS" signature="Postjira()[pri:0, instance:qaclickacademy.RestAPITest@42d3bd8b]" name="Postjira" duration-ms="0" started-at="2019-08-22T22:50:12Z" finished-at="2019-08-22T22:50:12Z">
          <reporter-output>
          </reporter-output>
        </test-method> <!-- Postjira -->
      </class> <!-- qaclickacademy.RestAPITest -->
      <class name="qaclickacademy.SeleniumTest">
        <test-method status="PASS" signature="BrowserExe()[pri:0, instance:qaclickacademy.SeleniumTest@dfd3711]" name="BrowserExe" duration-ms="6" started-at="2019-08-22T22:50:12Z" finished-at="2019-08-22T22:50:12Z">
          <reporter-output>
          </reporter-output>
        </test-method> <!-- BrowserExe -->
        <test-method status="PASS" signature="ElementUI()[pri:0, instance:qaclickacademy.SeleniumTest@dfd3711]" name="ElementUI" duration-ms="0" started-at="2019-08-22T22:50:12Z" finished-at="2019-08-22T22:50:12Z">
          <reporter-output>
          </reporter-output>
        </test-method> <!-- ElementUI -->
      </class> <!-- qaclickacademy.SeleniumTest -->
    </test> <!-- Test -->
  </suite> <!-- Suite -->
</testng-results>
